<?xml version="1.0" encoding="UTF-8"?>
<!-- Generated by org.testng.reporters.JUnitReportReporter -->
<testsuite skipped="0" hostname="OJAS-DD282" name="com.acceptdrganddrp.AcceptDrgandDropTest" tests="2" failures="0" timestamp="18 Jan 2021 05:12:21 GMT" time="6.338" errors="0">
  <testcase name="test1" time="2.293" classname="com.acceptdrganddrp.AcceptDrgandDropTest"/>
  <testcase name="test2" time="4.045" classname="com.acceptdrganddrp.AcceptDrgandDropTest"/>
</testsuite> <!-- com.acceptdrganddrp.AcceptDrgandDropTest -->
