<?xml version="1.0" encoding="UTF-8"?>
<!-- Generated by org.testng.reporters.JUnitReportReporter -->
<testsuite skipped="0" hostname="OJAS-DD282" name="excel.ExcelTest" tests="1" failures="0" timestamp="15 Mar 2021 06:56:21 GMT" time="0.939" errors="0">
  <testcase name="tes" time="0.939" classname="excel.ExcelTest"/>
</testsuite> <!-- excel.ExcelTest -->
