<?xml version="1.0" encoding="UTF-8"?>
<!-- Generated by org.testng.reporters.JUnitReportReporter -->
<testsuite skipped="0" hostname="OJAS-DD282" name="OrHR.OrHR.OrHrTest" tests="2" failures="0" timestamp="24 Mar 2021 10:04:21 GMT" time="8.737" errors="0">
  <testcase name="test2" time="7.377" classname="OrHR.OrHR.OrHrTest"/>
  <testcase name="test3" time="1.360" classname="OrHR.OrHR.OrHrTest"/>
</testsuite> <!-- OrHR.OrHR.OrHrTest -->
